TN:
SF:gendiff/__init__.py
DA:1,1,9yv6gKeFdWTkmdhHJni53Q
DA:4,1,r9XS1Jw8BdJ0XvGtSGBKpQ
LF:2
LH:2
end_of_record
TN:
SF:gendiff/formatters/__init__.py
DA:1,1,1B2M2Y8AsgTpgAmY7PhCfg
LF:0
LH:0
end_of_record
TN:
SF:gendiff/formatters/choice_formatter.py
DA:1,1,fD1XdnnpGN/7YAk1h4/zPA
DA:2,1,Q7bLZPoP6zbJft9hpzKbtw
DA:3,1,o8WHmoc2wxgcf9bJcMKm+A
DA:6,1,reQy72TBCLe/d9GEKgnLKw
DA:7,1,elULbLOI0iGVXU6wPoCW0w
DA:8,1,vd3AvX2p6PGILslnJIHGMA
DA:9,1,Wrc69QXJURbsBoKj9Z7oqw
DA:10,1,sGMq93fPDp4A/muWfuvGxQ
DA:11,1,2dn62txa6/7ydFY1mJ175A
DA:12,1,aioTfADgQxmHyyez0bE3qg
DA:14,0,zpzgNP2XiY1xUJxezRkOEA
LF:11
LH:10
end_of_record
TN:
SF:gendiff/formatters/json.py
DA:1,1,OaTlemF3bXMi5MP7Db8vkQ
DA:4,1,JWrXRLbru7Oi3DXToTqAFQ
DA:5,1,+v9E6NhhX8Y/JCXHqZVH1A
LF:3
LH:3
end_of_record
TN:
SF:gendiff/formatters/plain.py
DA:1,1,dJxf7whOLKuzwIIvLO+wyg
DA:2,1,admVZmL2QJwBBkEFj6owug
DA:3,1,KwMOZI+W0uy7xOFTTL8z1Q
DA:4,1,dzr/qRujyM/Ru4Bb3vZa7A
DA:5,1,ej3wCy8puWUhDsWipAvbnA
DA:6,1,3lkfoyxO04copj62PEh9lw
DA:7,1,UZM/6cV6Q8n8SaRiOaLspg
DA:8,1,0fVIs4k4eemkpk+vSbnkqw
DA:9,1,XrtyOepxQ/4bdG0fZkHxJA
DA:11,1,Q6yWI5VCfwm7b9++/lfW3w
DA:14,1,3M74+CTZ6pkgliyxYIKrnQ
DA:15,1,66F9mK4FNlHhgqkDuVuT1Q
DA:16,1,MAMrIwF5u2WEQ+j9zDKp1A
DA:17,1,53CphmL8biog+s5LcUnyYg
DA:18,1,4+PXudvNdXatBURwYwDa1g
DA:19,1,eDFb/vrhCboFGy1Wrakmzw
DA:21,1,oBLG2OrjiTVddO73Ze75MA
DA:22,1,gE42S6eyr/Gz5eLhjKwFyA
DA:23,1,9JSt4o4HtpkW5gOrAv5+uQ
DA:24,1,vrLzS+u39iKzArVVJhds0g
DA:25,1,Qa/gNMu4qUmn+Yb0VIg7vA
DA:26,1,Kifp9+fUlytHiLtgHYXtuw
DA:30,1,rQQyBdeXod1nxSWnmZTkCg
DA:31,1,2Or4dWhPRVpXxznN0OF44A
DA:32,1,gDJ3IdZqrWWb5mwSEI5cbQ
DA:33,1,UntDfNWeIJlMcYl/4Lg0pA
DA:36,1,aWibLf707W8ZdP8Aa1Cv1w
DA:37,1,9L8mobXKPkqh0iJUxWjgRQ
DA:38,1,qozdAnCcXwU1GFGx3cjBqQ
DA:39,1,mDEz8e71eK45jHt3TKCnVQ
DA:40,1,AVJzZg4x5xtb3VpUzcqNOA
DA:41,1,Q6qnouJyN/OwGB5aYcOUTw
DA:43,1,z7zpY8YwTLBVVoTY9C1ZZg
DA:46,1,1H60lB7Zjl4f936iGnEYEg
DA:47,1,/5qThGNUS0KGiLbUY7BlxQ
LF:35
LH:35
end_of_record
TN:
SF:gendiff/formatters/stylish.py
DA:1,1,wPsiblG7jkQvvY0dN8LXhQ
DA:2,1,wCBJJujZDQjLMkH9ftYjCA
DA:3,1,/4/kZ9BIzgGJuEsfW/Uzxg
DA:4,1,zlzQyqX+7cEBALELcfbAdg
DA:7,1,Nhrav31unzFByq9pH7svjA
DA:8,1,ZVNdLCT2KsS5wYy1r2x3HA
DA:9,1,dM6yXF5F6r6oVThg6gXmMA
DA:10,1,+NGtEF9M2RMsFkP6GlejNQ
DA:11,1,UZM/6cV6Q8n8SaRiOaLspg
DA:12,1,ehMLLoP/JUiAJqTU1ISLhA
DA:13,1,4k8I5wribdwXiJg+K8PUYg
DA:14,1,vnpX1g8RywfVeukguS5fqA
DA:15,1,+5jL+uy+ZT2YHtAhO1qKSA
DA:16,1,KeJBucTXRNY+LLHLFiGc1g
DA:17,1,bfa19GHsnVo/4UohSQKeIw
DA:18,1,d56D2WFGZe31jcfCNFNfhQ
DA:19,1,AXJPUmkVhGv62fUCWT4kEw
DA:20,1,axyfv5MnOVcn+45TTLx0Eg
DA:21,1,GSCyY785ZS1rcrK25vEOsw
DA:24,1,dXs/wPllUwxbqfZ9JetkqA
DA:55,1,B0xdyWteF+e2txGjEyggsw
DA:56,1,x3am1eyLcq0e5yYmqpxJkA
DA:57,1,FHH1kPzPyS96e5nFPJeA0Q
DA:58,1,qozdAnCcXwU1GFGx3cjBqQ
DA:59,1,9xQnbmWPyuo4q+adsF/M0g
DA:60,1,xEeDhBhoTuJKF57lY3ED3g
DA:61,1,4RvcQVNTscPwr0J+fwud2w
DA:62,1,YTK5JaIylGRuxikDTJIfZg
DA:63,1,rjqva6F3xXrW2MaqRkE3yQ
DA:64,1,jwmKgMm31rjQPUoUhAWnxg
DA:65,1,XK0DxSi92lMbFwyQE+5fSw
DA:66,1,uzhAsnFSqEmo6SHIGYmygQ
DA:67,1,34Cj51jG3wzFbZQfAqfO/w
DA:68,1,VYTlWjQXyccZcmjqDQ0WKA
DA:69,1,Dn6xwACo9SJXeCEiuudpvQ
DA:70,1,p/HMq57U5QHkVoX5MvL7wA
DA:71,1,VYTlWjQXyccZcmjqDQ0WKA
DA:72,1,Q44hiLxsiTfJo4YbLKeUoQ
DA:73,1,Dn6xwACo9SJXeCEiuudpvQ
DA:74,1,Zt6ihdwTwa5h5Rv+sELXUA
DA:75,1,ejp0/52RcgKQ8p4P4v4Nkg
DA:78,1,4kHDQYFpn9MCTVBIXv9hTw
DA:79,1,G3TGGj6bzI8clNHEc2JzoA
DA:96,1,odbUjdJLce1lOd8ooBaQvw
DA:97,1,HHYhW+5IGdfRulgr6y2rnw
DA:99,1,wp8rNxh5hURd2xdWBD99OQ
DA:102,1,BntyrzIjggBTfpmeM5CJeg
DA:103,1,l+wC/Ls2I7zZWPPKdqyu2A
LF:48
LH:48
end_of_record
TN:
SF:gendiff/generate.py
DA:1,1,yNqbARlSDT2/+RrJM/ZmxQ
DA:2,1,dDpI1xnYM7U9EkV5ygfLLg
DA:9,1,zLdN473zeDKJLkW5ZOsRzA
DA:10,1,dDpI1xnYM7U9EkV5ygfLLg
DA:17,1,x0QQx4j3fEjCcjxW4nFncg
DA:18,1,dDpI1xnYM7U9EkV5ygfLLg
DA:25,1,q1njnDiu2OEsk3puG4XVEQ
DA:26,1,dDpI1xnYM7U9EkV5ygfLLg
DA:34,1,/0YsxOz/2Sx1mPa//Lgi5g
DA:36,1,dDpI1xnYM7U9EkV5ygfLLg
DA:43,1,RGLfX9k1n6DYXgB2lHb/1w
DA:44,1,eTkSll5uNtHsJnpuSHfNmw
DA:45,1,NN7sI0SZYdXIjT+wftZiQA
DA:46,1,y1WZDDUwxyzYSVlgqf6JAg
DA:47,1,+1pdbVS9rtlg4XrK19sMng
DA:48,1,ERzP5VFnxZtwSeBoWDuTHQ
DA:49,1,grOOWtK5HR8k+OyPN/N1YQ
DA:50,1,nuCA8bGYn+heCnN3JeVecw
DA:51,1,nw+n8HbB36xq5Ovgj6uggg
DA:52,1,2nfH1vFqkcqYxV+Fs705tQ
DA:53,1,dFrVqffsz5mLiMivJNDo7w
DA:54,1,5u884sYEjPnwGEpD/vcUMw
DA:55,1,AFg2hW6lR9lqyoSFUTyuGQ
DA:56,1,J5gi7I/KaqfWn9i0zUaYgQ
DA:57,1,6a/Hgjrh9m5ZwULRUF538w
DA:58,1,5+W2FxWZFmesRAnwT0sIwA
DA:60,1,49ShJFXFjRJBZ9+XdYP5Jg
DA:61,1,f3xcTBQ55JcW3NxJk0o8lA
DA:62,1,1gWd7txJM0Sd1JSEzD4YcA
LF:29
LH:29
end_of_record
TN:
SF:gendiff/generate_diff.py
DA:1,1,99zqbbfc46VHqdJNINRolw
DA:2,1,j+EiiEEFEZ356TCIqUQinA
DA:3,1,kRfwAWFRmMzf/lCyFW95/A
DA:6,1,eoOzIfZCuWD6HKfJkAxj7g
DA:7,1,BLJyAvQfo1lmImhIjaAQXA
DA:8,1,emjAzba9/DZg/cNP5RC+5Q
DA:9,1,0rknSjTz6uy5CuSveGznXQ
DA:10,1,dX1HIBC8SesQWWlVJf/q1w
LF:8
LH:8
end_of_record
TN:
SF:gendiff/parser.py
DA:1,1,7Z9Lj4ed27Wf2hBX6jooEA
DA:2,1,OaTlemF3bXMi5MP7Db8vkQ
DA:3,1,TkdTY1aJYRsgoCX7IqBZHg
DA:6,1,hRGt3RwHdZcdNAFbm7B7gg
DA:7,1,MypAD46D+K+n00omj093+Q
DA:8,1,QVF1we9GvMenDnJ6tEOtdw
DA:11,1,WSYEgsjbHr9xO0mBhD9ptg
DA:12,1,RQhwHC9aQ8y6WEkLPpXt9Q
DA:13,1,ujR9VEZlX56subi47WOwbA
DA:16,1,TN0hhBeWE8nORIz2Wq0oFQ
DA:17,1,9e+j1Z3XlCCqbC73la/UuA
DA:18,1,Fhf0n0dV9cxmd81esfFEQA
DA:19,1,nEoS6SPrwQL/vHhGuA5syw
DA:20,1,ghUFvoCCob7zgzElx0n9tA
DA:23,1,yay4xiTt5ETBVyASiCSziA
DA:24,1,T4pDBZAtprawJ0LjEgJrWA
DA:25,1,nRGrdCec9JBBJC0D2sFPEg
DA:27,1,pecEopuxMgsJCSKSe1yyvg
LF:18
LH:18
end_of_record
TN:
SF:tests/__init__.py
DA:1,1,1B2M2Y8AsgTpgAmY7PhCfg
LF:0
LH:0
end_of_record
TN:
SF:tests/test_generate_diff.py
DA:1,1,9yv6gKeFdWTkmdhHJni53Q
DA:5,1,dXs/wPllUwxbqfZ9JetkqA
DA:17,1,dXs/wPllUwxbqfZ9JetkqA
DA:29,1,Tewp2xw/0PVmssqfYNzDgQ
DA:30,1,zmkkmsc/y7cKF2xRiZG3MA
DA:34,1,p8aV+PUst+kLBhvhb2Sgag
DA:37,1,R39q/EavgEA6RuoLDhIojQ
DA:40,1,kwaKBz7OvwlraeibMieUgQ
DA:41,1,D1xYa4rPyi9uh2hm7Y9yBA
DA:42,1,mHu4Zr4j7LR4f3uW4Ah4ww
DA:45,1,FkEYJMWuGfpoK7Zu3LO9pA
DA:46,1,VMuIOaEGLUP6DxuT8pqt8Q
DA:49,1,fs1dTFNi4lvTnCuHJsjiKg
DA:52,1,R39q/EavgEA6RuoLDhIojQ
DA:55,1,3HDowyM+NpW+pe70Wo0ytg
DA:56,1,MaHycA9uvF8sRQPDMrxkWQ
DA:57,1,45y2zj5C+nMT8GQAoG0osw
DA:60,1,fYuhqVR8EoVeusGQqbZ9Gg
DA:61,1,wEAw58L8GgWAe4V8mZrNvg
DA:64,1,CkNYYo0G/YFryj21x2D1PQ
DA:67,1,R39q/EavgEA6RuoLDhIojQ
DA:70,1,Rk5B1M93Xt/fRG79mM3pYw
DA:71,1,VXnUPSaOOm7KtMcEKT6aCw
DA:72,1,7GwbXroBhRoO1FvE7GiFog
LF:24
LH:24
end_of_record
